<?xml version="1.0" encoding="UTF-8"?>
<!-- Generated by org.testng.reporters.JUnitReportReporter -->
<testsuite skipped="0" hostname="NILESH-PC" name="com.qa.testcase.Shop_Test" tests="1" failures="0" timestamp="29 Oct 2018 10:02:36 GMT" time="27.402" errors="0">
  <testcase name="verify_Cart_Item" time="27.402" classname="com.qa.testcase.Shop_Test"/>
</testsuite> <!-- com.qa.testcase.Shop_Test -->
